2020-04-25 20:41:22.987 [http-nio-8888-exec-4] INFO  com.my.blog.website.controller.admin.IndexController - Enter admin index method
2020-04-25 20:41:22.988 [http-nio-8888-exec-4] DEBUG com.my.blog.website.service.impl.SiteServiceImpl - Enter recentComments method:limit=5
2020-04-25 20:41:23.061 [http-nio-8888-exec-4] DEBUG com.my.blog.website.service.impl.SiteServiceImpl - Exit recentComments method
2020-04-25 20:41:23.062 [http-nio-8888-exec-4] DEBUG com.my.blog.website.service.impl.SiteServiceImpl - Enter recentContents method
2020-04-25 20:41:23.130 [http-nio-8888-exec-4] DEBUG com.my.blog.website.service.impl.SiteServiceImpl - Exit recentContents method
2020-04-25 20:41:23.130 [http-nio-8888-exec-4] DEBUG com.my.blog.website.service.impl.SiteServiceImpl - Enter getStatistics method
2020-04-25 20:41:23.170 [http-nio-8888-exec-4] DEBUG com.my.blog.website.service.impl.SiteServiceImpl - Exit getStatistics method
2020-04-25 20:41:23.170 [http-nio-8888-exec-4] DEBUG com.my.blog.website.service.impl.LogServiceImpl - Enter getLogs method:page=1,linit=5
2020-04-25 20:41:23.180 [http-nio-8888-exec-4] DEBUG com.my.blog.website.service.impl.LogServiceImpl - Exit getLogs method
2020-04-25 20:41:23.180 [http-nio-8888-exec-4] INFO  com.my.blog.website.controller.admin.IndexController - Exit admin index method
2020-04-25 20:42:04.714 [http-nio-8888-exec-7] INFO  com.my.blog.website.controller.admin.IndexController - Enter admin index method
2020-04-25 20:42:04.715 [http-nio-8888-exec-7] DEBUG com.my.blog.website.service.impl.SiteServiceImpl - Enter recentComments method:limit=5
2020-04-25 20:42:04.721 [http-nio-8888-exec-7] DEBUG com.my.blog.website.service.impl.SiteServiceImpl - Exit recentComments method
2020-04-25 20:42:04.721 [http-nio-8888-exec-7] DEBUG com.my.blog.website.service.impl.SiteServiceImpl - Enter recentContents method
2020-04-25 20:42:04.729 [http-nio-8888-exec-7] DEBUG com.my.blog.website.service.impl.SiteServiceImpl - Exit recentContents method
2020-04-25 20:42:04.729 [http-nio-8888-exec-7] DEBUG com.my.blog.website.service.impl.SiteServiceImpl - Enter getStatistics method
2020-04-25 20:42:04.736 [http-nio-8888-exec-7] DEBUG com.my.blog.website.service.impl.SiteServiceImpl - Exit getStatistics method
2020-04-25 20:42:04.736 [http-nio-8888-exec-7] DEBUG com.my.blog.website.service.impl.LogServiceImpl - Enter getLogs method:page=1,linit=5
2020-04-25 20:42:04.740 [http-nio-8888-exec-7] DEBUG com.my.blog.website.service.impl.LogServiceImpl - Exit getLogs method
2020-04-25 20:42:04.740 [http-nio-8888-exec-7] INFO  com.my.blog.website.controller.admin.IndexController - Exit admin index method
2020-04-25 20:48:56.477 [http-nio-8888-exec-1] INFO  com.my.blog.website.controller.admin.IndexController - Enter admin index method
2020-04-25 20:48:56.477 [http-nio-8888-exec-1] DEBUG com.my.blog.website.service.impl.SiteServiceImpl - Enter recentComments method:limit=5
2020-04-25 20:48:56.483 [http-nio-8888-exec-1] DEBUG com.my.blog.website.service.impl.SiteServiceImpl - Exit recentComments method
2020-04-25 20:48:56.483 [http-nio-8888-exec-1] DEBUG com.my.blog.website.service.impl.SiteServiceImpl - Enter recentContents method
2020-04-25 20:48:56.490 [http-nio-8888-exec-1] DEBUG com.my.blog.website.service.impl.SiteServiceImpl - Exit recentContents method
2020-04-25 20:48:56.490 [http-nio-8888-exec-1] DEBUG com.my.blog.website.service.impl.SiteServiceImpl - Enter getStatistics method
2020-04-25 20:48:56.503 [http-nio-8888-exec-1] DEBUG com.my.blog.website.service.impl.SiteServiceImpl - Exit getStatistics method
2020-04-25 20:48:56.503 [http-nio-8888-exec-1] DEBUG com.my.blog.website.service.impl.LogServiceImpl - Enter getLogs method:page=1,linit=5
2020-04-25 20:48:56.507 [http-nio-8888-exec-1] DEBUG com.my.blog.website.service.impl.LogServiceImpl - Exit getLogs method
2020-04-25 20:48:56.507 [http-nio-8888-exec-1] INFO  com.my.blog.website.controller.admin.IndexController - Exit admin index method
2020-04-25 21:47:29.622 [http-nio-8888-exec-2] ERROR com.my.blog.website.controller.GlobalExceptionHandler - find exception:e=Request method 'POST' not supported
2020-04-25 21:47:42.288 [http-nio-8888-exec-5] DEBUG com.my.blog.website.service.impl.ContentServiceImpl - Enter getContents method
2020-04-25 21:47:42.488 [http-nio-8888-exec-5] DEBUG com.my.blog.website.service.impl.ContentServiceImpl - Exit getContents method
2020-04-25 21:48:13.647 [http-nio-8888-exec-3] ERROR com.my.blog.website.controller.GlobalExceptionHandler - find exception:e=Request method 'POST' not supported
2020-04-25 21:48:14.656 [http-nio-8888-exec-4] DEBUG com.my.blog.website.service.impl.ContentServiceImpl - Enter getContents method
2020-04-25 21:48:14.664 [http-nio-8888-exec-4] DEBUG com.my.blog.website.service.impl.ContentServiceImpl - Exit getContents method
2020-04-25 21:54:04.534 [http-nio-8888-exec-7] INFO  com.my.blog.website.controller.admin.IndexController - Enter admin index method
2020-04-25 21:54:04.535 [http-nio-8888-exec-7] DEBUG com.my.blog.website.service.impl.SiteServiceImpl - Enter recentComments method:limit=5
2020-04-25 21:54:04.574 [http-nio-8888-exec-7] DEBUG com.my.blog.website.service.impl.SiteServiceImpl - Exit recentComments method
2020-04-25 21:54:04.574 [http-nio-8888-exec-7] DEBUG com.my.blog.website.service.impl.SiteServiceImpl - Enter recentContents method
2020-04-25 21:54:04.594 [http-nio-8888-exec-7] DEBUG com.my.blog.website.service.impl.SiteServiceImpl - Exit recentContents method
2020-04-25 21:54:04.594 [http-nio-8888-exec-7] DEBUG com.my.blog.website.service.impl.SiteServiceImpl - Enter getStatistics method
2020-04-25 21:54:04.606 [http-nio-8888-exec-7] DEBUG com.my.blog.website.service.impl.SiteServiceImpl - Exit getStatistics method
2020-04-25 21:54:04.606 [http-nio-8888-exec-7] DEBUG com.my.blog.website.service.impl.LogServiceImpl - Enter getLogs method:page=1,linit=5
2020-04-25 21:54:04.613 [http-nio-8888-exec-7] DEBUG com.my.blog.website.service.impl.LogServiceImpl - Exit getLogs method
2020-04-25 21:54:04.613 [http-nio-8888-exec-7] INFO  com.my.blog.website.controller.admin.IndexController - Exit admin index method
2020-04-25 21:55:09.391 [http-nio-8888-exec-7] INFO  com.my.blog.website.controller.admin.IndexController - Enter admin index method
2020-04-25 21:55:09.391 [http-nio-8888-exec-7] DEBUG com.my.blog.website.service.impl.SiteServiceImpl - Enter recentComments method:limit=5
2020-04-25 21:55:09.422 [http-nio-8888-exec-7] DEBUG com.my.blog.website.service.impl.SiteServiceImpl - Exit recentComments method
2020-04-25 21:55:09.422 [http-nio-8888-exec-7] DEBUG com.my.blog.website.service.impl.SiteServiceImpl - Enter recentContents method
2020-04-25 21:55:09.438 [http-nio-8888-exec-7] DEBUG com.my.blog.website.service.impl.SiteServiceImpl - Exit recentContents method
2020-04-25 21:55:09.438 [http-nio-8888-exec-7] DEBUG com.my.blog.website.service.impl.SiteServiceImpl - Enter getStatistics method
2020-04-25 21:55:09.453 [http-nio-8888-exec-7] DEBUG com.my.blog.website.service.impl.SiteServiceImpl - Exit getStatistics method
2020-04-25 21:55:09.453 [http-nio-8888-exec-7] DEBUG com.my.blog.website.service.impl.LogServiceImpl - Enter getLogs method:page=1,linit=5
2020-04-25 21:55:09.459 [http-nio-8888-exec-7] DEBUG com.my.blog.website.service.impl.LogServiceImpl - Exit getLogs method
2020-04-25 21:55:09.459 [http-nio-8888-exec-7] INFO  com.my.blog.website.controller.admin.IndexController - Exit admin index method
2020-04-25 21:55:27.700 [http-nio-8888-exec-2] DEBUG com.my.blog.website.service.impl.SiteServiceImpl - Enter getArchives method
2020-04-25 21:55:27.915 [http-nio-8888-exec-2] DEBUG com.my.blog.website.service.impl.SiteServiceImpl - Exit getArchives method
2020-04-25 21:55:33.580 [http-nio-8888-exec-5] DEBUG com.my.blog.website.service.impl.SiteServiceImpl - Enter getArchives method
2020-04-25 21:55:33.596 [http-nio-8888-exec-5] DEBUG com.my.blog.website.service.impl.SiteServiceImpl - Exit getArchives method
2020-04-25 22:02:38.917 [http-nio-8888-exec-9] INFO  com.my.blog.website.controller.admin.IndexController - Enter admin index method
2020-04-25 22:02:38.917 [http-nio-8888-exec-9] DEBUG com.my.blog.website.service.impl.SiteServiceImpl - Enter recentComments method:limit=5
2020-04-25 22:02:38.920 [http-nio-8888-exec-9] DEBUG com.my.blog.website.service.impl.SiteServiceImpl - Exit recentComments method
2020-04-25 22:02:38.920 [http-nio-8888-exec-9] DEBUG com.my.blog.website.service.impl.SiteServiceImpl - Enter recentContents method
2020-04-25 22:02:38.929 [http-nio-8888-exec-9] DEBUG com.my.blog.website.service.impl.SiteServiceImpl - Exit recentContents method
2020-04-25 22:02:38.929 [http-nio-8888-exec-9] DEBUG com.my.blog.website.service.impl.SiteServiceImpl - Enter getStatistics method
2020-04-25 22:02:38.937 [http-nio-8888-exec-9] DEBUG com.my.blog.website.service.impl.SiteServiceImpl - Exit getStatistics method
2020-04-25 22:02:38.937 [http-nio-8888-exec-9] DEBUG com.my.blog.website.service.impl.LogServiceImpl - Enter getLogs method:page=1,linit=5
2020-04-25 22:02:38.944 [http-nio-8888-exec-9] DEBUG com.my.blog.website.service.impl.LogServiceImpl - Exit getLogs method
2020-04-25 22:02:38.944 [http-nio-8888-exec-9] INFO  com.my.blog.website.controller.admin.IndexController - Exit admin index method
2020-04-25 22:03:18.917 [http-nio-8888-exec-4] INFO  com.my.blog.website.controller.admin.IndexController - Enter admin index method
2020-04-25 22:03:18.917 [http-nio-8888-exec-4] DEBUG com.my.blog.website.service.impl.SiteServiceImpl - Enter recentComments method:limit=5
2020-04-25 22:03:18.922 [http-nio-8888-exec-4] DEBUG com.my.blog.website.service.impl.SiteServiceImpl - Exit recentComments method
2020-04-25 22:03:18.922 [http-nio-8888-exec-4] DEBUG com.my.blog.website.service.impl.SiteServiceImpl - Enter recentContents method
2020-04-25 22:03:18.931 [http-nio-8888-exec-4] DEBUG com.my.blog.website.service.impl.SiteServiceImpl - Exit recentContents method
2020-04-25 22:03:18.931 [http-nio-8888-exec-4] DEBUG com.my.blog.website.service.impl.SiteServiceImpl - Enter getStatistics method
2020-04-25 22:03:18.938 [http-nio-8888-exec-4] DEBUG com.my.blog.website.service.impl.SiteServiceImpl - Exit getStatistics method
2020-04-25 22:03:18.938 [http-nio-8888-exec-4] DEBUG com.my.blog.website.service.impl.LogServiceImpl - Enter getLogs method:page=1,linit=5
2020-04-25 22:03:18.941 [http-nio-8888-exec-4] DEBUG com.my.blog.website.service.impl.LogServiceImpl - Exit getLogs method
2020-04-25 22:03:18.941 [http-nio-8888-exec-4] INFO  com.my.blog.website.controller.admin.IndexController - Exit admin index method
2020-04-25 22:07:08.440 [http-nio-8888-exec-7] INFO  com.my.blog.website.controller.admin.IndexController - Enter admin index method
2020-04-25 22:07:08.440 [http-nio-8888-exec-7] DEBUG com.my.blog.website.service.impl.SiteServiceImpl - Enter recentComments method:limit=5
2020-04-25 22:07:08.443 [http-nio-8888-exec-7] DEBUG com.my.blog.website.service.impl.SiteServiceImpl - Exit recentComments method
2020-04-25 22:07:08.443 [http-nio-8888-exec-7] DEBUG com.my.blog.website.service.impl.SiteServiceImpl - Enter recentContents method
2020-04-25 22:07:08.446 [http-nio-8888-exec-7] DEBUG com.my.blog.website.service.impl.SiteServiceImpl - Exit recentContents method
2020-04-25 22:07:08.446 [http-nio-8888-exec-7] DEBUG com.my.blog.website.service.impl.SiteServiceImpl - Enter getStatistics method
2020-04-25 22:07:08.454 [http-nio-8888-exec-7] DEBUG com.my.blog.website.service.impl.SiteServiceImpl - Exit getStatistics method
2020-04-25 22:07:08.454 [http-nio-8888-exec-7] DEBUG com.my.blog.website.service.impl.LogServiceImpl - Enter getLogs method:page=1,linit=5
2020-04-25 22:07:08.457 [http-nio-8888-exec-7] DEBUG com.my.blog.website.service.impl.LogServiceImpl - Exit getLogs method
2020-04-25 22:07:08.457 [http-nio-8888-exec-7] INFO  com.my.blog.website.controller.admin.IndexController - Exit admin index method
2020-04-25 22:07:15.944 [http-nio-8888-exec-5] INFO  com.my.blog.website.controller.admin.IndexController - Enter admin index method
2020-04-25 22:07:15.944 [http-nio-8888-exec-5] DEBUG com.my.blog.website.service.impl.SiteServiceImpl - Enter recentComments method:limit=5
2020-04-25 22:07:15.947 [http-nio-8888-exec-5] DEBUG com.my.blog.website.service.impl.SiteServiceImpl - Exit recentComments method
2020-04-25 22:07:15.947 [http-nio-8888-exec-5] DEBUG com.my.blog.website.service.impl.SiteServiceImpl - Enter recentContents method
2020-04-25 22:07:15.952 [http-nio-8888-exec-5] DEBUG com.my.blog.website.service.impl.SiteServiceImpl - Exit recentContents method
2020-04-25 22:07:15.952 [http-nio-8888-exec-5] DEBUG com.my.blog.website.service.impl.SiteServiceImpl - Enter getStatistics method
2020-04-25 22:07:15.960 [http-nio-8888-exec-5] DEBUG com.my.blog.website.service.impl.SiteServiceImpl - Exit getStatistics method
2020-04-25 22:07:15.960 [http-nio-8888-exec-5] DEBUG com.my.blog.website.service.impl.LogServiceImpl - Enter getLogs method:page=1,linit=5
2020-04-25 22:07:15.963 [http-nio-8888-exec-5] DEBUG com.my.blog.website.service.impl.LogServiceImpl - Exit getLogs method
2020-04-25 22:07:15.963 [http-nio-8888-exec-5] INFO  com.my.blog.website.controller.admin.IndexController - Exit admin index method
2020-04-25 22:07:42.017 [http-nio-8888-exec-9] DEBUG com.my.blog.website.service.impl.OptionServiceImpl - Enter insertOption method:name=site_record,value=
2020-04-25 22:07:42.050 [http-nio-8888-exec-9] DEBUG com.my.blog.website.service.impl.OptionServiceImpl - Exit insertOption method.
2020-04-25 22:07:42.050 [http-nio-8888-exec-9] DEBUG com.my.blog.website.service.impl.OptionServiceImpl - Enter insertOption method:name=site_description,value=guanx Blog
2020-04-25 22:07:42.052 [http-nio-8888-exec-9] DEBUG com.my.blog.website.service.impl.OptionServiceImpl - Exit insertOption method.
2020-04-25 22:07:42.052 [http-nio-8888-exec-9] DEBUG com.my.blog.website.service.impl.OptionServiceImpl - Enter insertOption method:name=site_title,value=My Blog
2020-04-25 22:07:42.054 [http-nio-8888-exec-9] DEBUG com.my.blog.website.service.impl.OptionServiceImpl - Exit insertOption method.
2020-04-25 22:07:42.054 [http-nio-8888-exec-9] DEBUG com.my.blog.website.service.impl.OptionServiceImpl - Enter insertOption method:name=site_theme,value=default
2020-04-25 22:07:42.058 [http-nio-8888-exec-9] DEBUG com.my.blog.website.service.impl.OptionServiceImpl - Exit insertOption method.
2020-04-25 22:07:42.058 [http-nio-8888-exec-9] DEBUG com.my.blog.website.service.impl.OptionServiceImpl - Enter insertOption method:name=allow_install,value=
2020-04-25 22:07:42.061 [http-nio-8888-exec-9] DEBUG com.my.blog.website.service.impl.OptionServiceImpl - Exit insertOption method.
2020-04-25 22:07:53.730 [http-nio-8888-exec-1] ERROR com.my.blog.website.controller.admin.SettingController - 备份失败
java.lang.NullPointerException
	at com.my.blog.website.service.impl.SiteServiceImpl.backup(SiteServiceImpl.java:119) ~[classes/:?]
	at com.my.blog.website.controller.admin.SettingController.backup(SettingController.java:99) [classes/:?]
	at com.my.blog.website.controller.admin.SettingController$$FastClassBySpringCGLIB$$4e9b4e05.invoke(<generated>) [classes/:?]
	at org.springframework.cglib.proxy.MethodProxy.invoke(MethodProxy.java:218) [spring-core-5.1.4.RELEASE.jar:5.1.4.RELEASE]
	at org.springframework.aop.framework.CglibAopProxy$CglibMethodInvocation.invokeJoinpoint(CglibAopProxy.java:749) [spring-aop-5.1.4.RELEASE.jar:5.1.4.RELEASE]
	at org.springframework.aop.framework.ReflectiveMethodInvocation.proceed(ReflectiveMethodInvocation.java:163) [spring-aop-5.1.4.RELEASE.jar:5.1.4.RELEASE]
	at org.springframework.aop.framework.adapter.MethodBeforeAdviceInterceptor.invoke(MethodBeforeAdviceInterceptor.java:56) [spring-aop-5.1.4.RELEASE.jar:5.1.4.RELEASE]
	at org.springframework.aop.framework.ReflectiveMethodInvocation.proceed(ReflectiveMethodInvocation.java:186) [spring-aop-5.1.4.RELEASE.jar:5.1.4.RELEASE]
	at org.springframework.aop.framework.adapter.AfterReturningAdviceInterceptor.invoke(AfterReturningAdviceInterceptor.java:55) [spring-aop-5.1.4.RELEASE.jar:5.1.4.RELEASE]
	at org.springframework.aop.framework.ReflectiveMethodInvocation.proceed(ReflectiveMethodInvocation.java:186) [spring-aop-5.1.4.RELEASE.jar:5.1.4.RELEASE]
	at org.springframework.aop.interceptor.ExposeInvocationInterceptor.invoke(ExposeInvocationInterceptor.java:93) [spring-aop-5.1.4.RELEASE.jar:5.1.4.RELEASE]
	at org.springframework.aop.framework.ReflectiveMethodInvocation.proceed(ReflectiveMethodInvocation.java:186) [spring-aop-5.1.4.RELEASE.jar:5.1.4.RELEASE]
	at org.springframework.aop.framework.CglibAopProxy$DynamicAdvisedInterceptor.intercept(CglibAopProxy.java:688) [spring-aop-5.1.4.RELEASE.jar:5.1.4.RELEASE]
	at com.my.blog.website.controller.admin.SettingController$$EnhancerBySpringCGLIB$$f8dd23f2.backup(<generated>) [classes/:?]
	at sun.reflect.NativeMethodAccessorImpl.invoke0(Native Method) ~[?:1.8.0_201]
	at sun.reflect.NativeMethodAccessorImpl.invoke(NativeMethodAccessorImpl.java:62) ~[?:1.8.0_201]
	at sun.reflect.DelegatingMethodAccessorImpl.invoke(DelegatingMethodAccessorImpl.java:43) ~[?:1.8.0_201]
	at java.lang.reflect.Method.invoke(Method.java:498) ~[?:1.8.0_201]
	at org.springframework.web.method.support.InvocableHandlerMethod.doInvoke(InvocableHandlerMethod.java:189) [spring-web-5.1.4.RELEASE.jar:5.1.4.RELEASE]
	at org.springframework.web.method.support.InvocableHandlerMethod.invokeForRequest(InvocableHandlerMethod.java:138) [spring-web-5.1.4.RELEASE.jar:5.1.4.RELEASE]
	at org.springframework.web.servlet.mvc.method.annotation.ServletInvocableHandlerMethod.invokeAndHandle(ServletInvocableHandlerMethod.java:102) [spring-webmvc-5.1.4.RELEASE.jar:5.1.4.RELEASE]
	at org.springframework.web.servlet.mvc.method.annotation.RequestMappingHandlerAdapter.invokeHandlerMethod(RequestMappingHandlerAdapter.java:895) [spring-webmvc-5.1.4.RELEASE.jar:5.1.4.RELEASE]
	at org.springframework.web.servlet.mvc.method.annotation.RequestMappingHandlerAdapter.handleInternal(RequestMappingHandlerAdapter.java:800) [spring-webmvc-5.1.4.RELEASE.jar:5.1.4.RELEASE]
	at org.springframework.web.servlet.mvc.method.AbstractHandlerMethodAdapter.handle(AbstractHandlerMethodAdapter.java:87) [spring-webmvc-5.1.4.RELEASE.jar:5.1.4.RELEASE]
	at org.springframework.web.servlet.DispatcherServlet.doDispatch(DispatcherServlet.java:1038) [spring-webmvc-5.1.4.RELEASE.jar:5.1.4.RELEASE]
	at org.springframework.web.servlet.DispatcherServlet.doService(DispatcherServlet.java:942) [spring-webmvc-5.1.4.RELEASE.jar:5.1.4.RELEASE]
	at org.springframework.web.servlet.FrameworkServlet.processRequest(FrameworkServlet.java:1005) [spring-webmvc-5.1.4.RELEASE.jar:5.1.4.RELEASE]
	at org.springframework.web.servlet.FrameworkServlet.doPost(FrameworkServlet.java:908) [spring-webmvc-5.1.4.RELEASE.jar:5.1.4.RELEASE]
	at javax.servlet.http.HttpServlet.service(HttpServlet.java:660) [tomcat-embed-core-9.0.14.jar:9.0.14]
	at org.springframework.web.servlet.FrameworkServlet.service(FrameworkServlet.java:882) [spring-webmvc-5.1.4.RELEASE.jar:5.1.4.RELEASE]
	at javax.servlet.http.HttpServlet.service(HttpServlet.java:741) [tomcat-embed-core-9.0.14.jar:9.0.14]
	at org.apache.catalina.core.ApplicationFilterChain.internalDoFilter(ApplicationFilterChain.java:231) [tomcat-embed-core-9.0.14.jar:9.0.14]
	at org.apache.catalina.core.ApplicationFilterChain.doFilter(ApplicationFilterChain.java:166) [tomcat-embed-core-9.0.14.jar:9.0.14]
	at org.apache.tomcat.websocket.server.WsFilter.doFilter(WsFilter.java:53) [tomcat-embed-websocket-9.0.14.jar:9.0.14]
	at org.apache.catalina.core.ApplicationFilterChain.internalDoFilter(ApplicationFilterChain.java:193) [tomcat-embed-core-9.0.14.jar:9.0.14]
	at org.apache.catalina.core.ApplicationFilterChain.doFilter(ApplicationFilterChain.java:166) [tomcat-embed-core-9.0.14.jar:9.0.14]
	at org.springframework.web.filter.RequestContextFilter.doFilterInternal(RequestContextFilter.java:99) [spring-web-5.1.4.RELEASE.jar:5.1.4.RELEASE]
	at org.springframework.web.filter.OncePerRequestFilter.doFilter(OncePerRequestFilter.java:107) [spring-web-5.1.4.RELEASE.jar:5.1.4.RELEASE]
	at org.apache.catalina.core.ApplicationFilterChain.internalDoFilter(ApplicationFilterChain.java:193) [tomcat-embed-core-9.0.14.jar:9.0.14]
	at org.apache.catalina.core.ApplicationFilterChain.doFilter(ApplicationFilterChain.java:166) [tomcat-embed-core-9.0.14.jar:9.0.14]
	at org.springframework.web.filter.FormContentFilter.doFilterInternal(FormContentFilter.java:92) [spring-web-5.1.4.RELEASE.jar:5.1.4.RELEASE]
	at org.springframework.web.filter.OncePerRequestFilter.doFilter(OncePerRequestFilter.java:107) [spring-web-5.1.4.RELEASE.jar:5.1.4.RELEASE]
	at org.apache.catalina.core.ApplicationFilterChain.internalDoFilter(ApplicationFilterChain.java:193) [tomcat-embed-core-9.0.14.jar:9.0.14]
	at org.apache.catalina.core.ApplicationFilterChain.doFilter(ApplicationFilterChain.java:166) [tomcat-embed-core-9.0.14.jar:9.0.14]
	at org.springframework.web.filter.HiddenHttpMethodFilter.doFilterInternal(HiddenHttpMethodFilter.java:93) [spring-web-5.1.4.RELEASE.jar:5.1.4.RELEASE]
	at org.springframework.web.filter.OncePerRequestFilter.doFilter(OncePerRequestFilter.java:107) [spring-web-5.1.4.RELEASE.jar:5.1.4.RELEASE]
	at org.apache.catalina.core.ApplicationFilterChain.internalDoFilter(ApplicationFilterChain.java:193) [tomcat-embed-core-9.0.14.jar:9.0.14]
	at org.apache.catalina.core.ApplicationFilterChain.doFilter(ApplicationFilterChain.java:166) [tomcat-embed-core-9.0.14.jar:9.0.14]
	at org.springframework.web.filter.CharacterEncodingFilter.doFilterInternal(CharacterEncodingFilter.java:200) [spring-web-5.1.4.RELEASE.jar:5.1.4.RELEASE]
	at org.springframework.web.filter.OncePerRequestFilter.doFilter(OncePerRequestFilter.java:107) [spring-web-5.1.4.RELEASE.jar:5.1.4.RELEASE]
	at org.apache.catalina.core.ApplicationFilterChain.internalDoFilter(ApplicationFilterChain.java:193) [tomcat-embed-core-9.0.14.jar:9.0.14]
	at org.apache.catalina.core.ApplicationFilterChain.doFilter(ApplicationFilterChain.java:166) [tomcat-embed-core-9.0.14.jar:9.0.14]
	at org.apache.catalina.core.StandardWrapperValve.invoke(StandardWrapperValve.java:199) [tomcat-embed-core-9.0.14.jar:9.0.14]
	at org.apache.catalina.core.StandardContextValve.invoke(StandardContextValve.java:96) [tomcat-embed-core-9.0.14.jar:9.0.14]
	at org.apache.catalina.authenticator.AuthenticatorBase.invoke(AuthenticatorBase.java:490) [tomcat-embed-core-9.0.14.jar:9.0.14]
	at org.apache.catalina.core.StandardHostValve.invoke(StandardHostValve.java:139) [tomcat-embed-core-9.0.14.jar:9.0.14]
	at org.apache.catalina.valves.ErrorReportValve.invoke(ErrorReportValve.java:92) [tomcat-embed-core-9.0.14.jar:9.0.14]
	at org.apache.catalina.core.StandardEngineValve.invoke(StandardEngineValve.java:74) [tomcat-embed-core-9.0.14.jar:9.0.14]
	at org.apache.catalina.connector.CoyoteAdapter.service(CoyoteAdapter.java:343) [tomcat-embed-core-9.0.14.jar:9.0.14]
	at org.apache.coyote.http11.Http11Processor.service(Http11Processor.java:408) [tomcat-embed-core-9.0.14.jar:9.0.14]
	at org.apache.coyote.AbstractProcessorLight.process(AbstractProcessorLight.java:66) [tomcat-embed-core-9.0.14.jar:9.0.14]
	at org.apache.coyote.AbstractProtocol$ConnectionHandler.process(AbstractProtocol.java:834) [tomcat-embed-core-9.0.14.jar:9.0.14]
	at org.apache.tomcat.util.net.NioEndpoint$SocketProcessor.doRun(NioEndpoint.java:1417) [tomcat-embed-core-9.0.14.jar:9.0.14]
	at org.apache.tomcat.util.net.SocketProcessorBase.run(SocketProcessorBase.java:49) [tomcat-embed-core-9.0.14.jar:9.0.14]
	at java.util.concurrent.ThreadPoolExecutor.runWorker(ThreadPoolExecutor.java:1149) [?:1.8.0_201]
	at java.util.concurrent.ThreadPoolExecutor$Worker.run(ThreadPoolExecutor.java:624) [?:1.8.0_201]
	at org.apache.tomcat.util.threads.TaskThread$WrappingRunnable.run(TaskThread.java:61) [tomcat-embed-core-9.0.14.jar:9.0.14]
	at java.lang.Thread.run(Thread.java:748) [?:1.8.0_201]
2020-04-25 22:08:27.894 [http-nio-8888-exec-8] ERROR com.my.blog.website.controller.admin.SettingController - 备份失败
java.lang.NullPointerException
	at com.my.blog.website.service.impl.SiteServiceImpl.backup(SiteServiceImpl.java:119) ~[classes/:?]
	at com.my.blog.website.controller.admin.SettingController.backup(SettingController.java:99) [classes/:?]
	at com.my.blog.website.controller.admin.SettingController$$FastClassBySpringCGLIB$$4e9b4e05.invoke(<generated>) [classes/:?]
	at org.springframework.cglib.proxy.MethodProxy.invoke(MethodProxy.java:218) [spring-core-5.1.4.RELEASE.jar:5.1.4.RELEASE]
	at org.springframework.aop.framework.CglibAopProxy$CglibMethodInvocation.invokeJoinpoint(CglibAopProxy.java:749) [spring-aop-5.1.4.RELEASE.jar:5.1.4.RELEASE]
	at org.springframework.aop.framework.ReflectiveMethodInvocation.proceed(ReflectiveMethodInvocation.java:163) [spring-aop-5.1.4.RELEASE.jar:5.1.4.RELEASE]
	at org.springframework.aop.framework.adapter.MethodBeforeAdviceInterceptor.invoke(MethodBeforeAdviceInterceptor.java:56) [spring-aop-5.1.4.RELEASE.jar:5.1.4.RELEASE]
	at org.springframework.aop.framework.ReflectiveMethodInvocation.proceed(ReflectiveMethodInvocation.java:186) [spring-aop-5.1.4.RELEASE.jar:5.1.4.RELEASE]
	at org.springframework.aop.framework.adapter.AfterReturningAdviceInterceptor.invoke(AfterReturningAdviceInterceptor.java:55) [spring-aop-5.1.4.RELEASE.jar:5.1.4.RELEASE]
	at org.springframework.aop.framework.ReflectiveMethodInvocation.proceed(ReflectiveMethodInvocation.java:186) [spring-aop-5.1.4.RELEASE.jar:5.1.4.RELEASE]
	at org.springframework.aop.interceptor.ExposeInvocationInterceptor.invoke(ExposeInvocationInterceptor.java:93) [spring-aop-5.1.4.RELEASE.jar:5.1.4.RELEASE]
	at org.springframework.aop.framework.ReflectiveMethodInvocation.proceed(ReflectiveMethodInvocation.java:186) [spring-aop-5.1.4.RELEASE.jar:5.1.4.RELEASE]
	at org.springframework.aop.framework.CglibAopProxy$DynamicAdvisedInterceptor.intercept(CglibAopProxy.java:688) [spring-aop-5.1.4.RELEASE.jar:5.1.4.RELEASE]
	at com.my.blog.website.controller.admin.SettingController$$EnhancerBySpringCGLIB$$f8dd23f2.backup(<generated>) [classes/:?]
	at sun.reflect.NativeMethodAccessorImpl.invoke0(Native Method) ~[?:1.8.0_201]
	at sun.reflect.NativeMethodAccessorImpl.invoke(NativeMethodAccessorImpl.java:62) ~[?:1.8.0_201]
	at sun.reflect.DelegatingMethodAccessorImpl.invoke(DelegatingMethodAccessorImpl.java:43) ~[?:1.8.0_201]
	at java.lang.reflect.Method.invoke(Method.java:498) ~[?:1.8.0_201]
	at org.springframework.web.method.support.InvocableHandlerMethod.doInvoke(InvocableHandlerMethod.java:189) [spring-web-5.1.4.RELEASE.jar:5.1.4.RELEASE]
	at org.springframework.web.method.support.InvocableHandlerMethod.invokeForRequest(InvocableHandlerMethod.java:138) [spring-web-5.1.4.RELEASE.jar:5.1.4.RELEASE]
	at org.springframework.web.servlet.mvc.method.annotation.ServletInvocableHandlerMethod.invokeAndHandle(ServletInvocableHandlerMethod.java:102) [spring-webmvc-5.1.4.RELEASE.jar:5.1.4.RELEASE]
	at org.springframework.web.servlet.mvc.method.annotation.RequestMappingHandlerAdapter.invokeHandlerMethod(RequestMappingHandlerAdapter.java:895) [spring-webmvc-5.1.4.RELEASE.jar:5.1.4.RELEASE]
	at org.springframework.web.servlet.mvc.method.annotation.RequestMappingHandlerAdapter.handleInternal(RequestMappingHandlerAdapter.java:800) [spring-webmvc-5.1.4.RELEASE.jar:5.1.4.RELEASE]
	at org.springframework.web.servlet.mvc.method.AbstractHandlerMethodAdapter.handle(AbstractHandlerMethodAdapter.java:87) [spring-webmvc-5.1.4.RELEASE.jar:5.1.4.RELEASE]
	at org.springframework.web.servlet.DispatcherServlet.doDispatch(DispatcherServlet.java:1038) [spring-webmvc-5.1.4.RELEASE.jar:5.1.4.RELEASE]
	at org.springframework.web.servlet.DispatcherServlet.doService(DispatcherServlet.java:942) [spring-webmvc-5.1.4.RELEASE.jar:5.1.4.RELEASE]
	at org.springframework.web.servlet.FrameworkServlet.processRequest(FrameworkServlet.java:1005) [spring-webmvc-5.1.4.RELEASE.jar:5.1.4.RELEASE]
	at org.springframework.web.servlet.FrameworkServlet.doPost(FrameworkServlet.java:908) [spring-webmvc-5.1.4.RELEASE.jar:5.1.4.RELEASE]
	at javax.servlet.http.HttpServlet.service(HttpServlet.java:660) [tomcat-embed-core-9.0.14.jar:9.0.14]
	at org.springframework.web.servlet.FrameworkServlet.service(FrameworkServlet.java:882) [spring-webmvc-5.1.4.RELEASE.jar:5.1.4.RELEASE]
	at javax.servlet.http.HttpServlet.service(HttpServlet.java:741) [tomcat-embed-core-9.0.14.jar:9.0.14]
	at org.apache.catalina.core.ApplicationFilterChain.internalDoFilter(ApplicationFilterChain.java:231) [tomcat-embed-core-9.0.14.jar:9.0.14]
	at org.apache.catalina.core.ApplicationFilterChain.doFilter(ApplicationFilterChain.java:166) [tomcat-embed-core-9.0.14.jar:9.0.14]
	at org.apache.tomcat.websocket.server.WsFilter.doFilter(WsFilter.java:53) [tomcat-embed-websocket-9.0.14.jar:9.0.14]
	at org.apache.catalina.core.ApplicationFilterChain.internalDoFilter(ApplicationFilterChain.java:193) [tomcat-embed-core-9.0.14.jar:9.0.14]
	at org.apache.catalina.core.ApplicationFilterChain.doFilter(ApplicationFilterChain.java:166) [tomcat-embed-core-9.0.14.jar:9.0.14]
	at org.springframework.web.filter.RequestContextFilter.doFilterInternal(RequestContextFilter.java:99) [spring-web-5.1.4.RELEASE.jar:5.1.4.RELEASE]
	at org.springframework.web.filter.OncePerRequestFilter.doFilter(OncePerRequestFilter.java:107) [spring-web-5.1.4.RELEASE.jar:5.1.4.RELEASE]
	at org.apache.catalina.core.ApplicationFilterChain.internalDoFilter(ApplicationFilterChain.java:193) [tomcat-embed-core-9.0.14.jar:9.0.14]
	at org.apache.catalina.core.ApplicationFilterChain.doFilter(ApplicationFilterChain.java:166) [tomcat-embed-core-9.0.14.jar:9.0.14]
	at org.springframework.web.filter.FormContentFilter.doFilterInternal(FormContentFilter.java:92) [spring-web-5.1.4.RELEASE.jar:5.1.4.RELEASE]
	at org.springframework.web.filter.OncePerRequestFilter.doFilter(OncePerRequestFilter.java:107) [spring-web-5.1.4.RELEASE.jar:5.1.4.RELEASE]
	at org.apache.catalina.core.ApplicationFilterChain.internalDoFilter(ApplicationFilterChain.java:193) [tomcat-embed-core-9.0.14.jar:9.0.14]
	at org.apache.catalina.core.ApplicationFilterChain.doFilter(ApplicationFilterChain.java:166) [tomcat-embed-core-9.0.14.jar:9.0.14]
	at org.springframework.web.filter.HiddenHttpMethodFilter.doFilterInternal(HiddenHttpMethodFilter.java:93) [spring-web-5.1.4.RELEASE.jar:5.1.4.RELEASE]
	at org.springframework.web.filter.OncePerRequestFilter.doFilter(OncePerRequestFilter.java:107) [spring-web-5.1.4.RELEASE.jar:5.1.4.RELEASE]
	at org.apache.catalina.core.ApplicationFilterChain.internalDoFilter(ApplicationFilterChain.java:193) [tomcat-embed-core-9.0.14.jar:9.0.14]
	at org.apache.catalina.core.ApplicationFilterChain.doFilter(ApplicationFilterChain.java:166) [tomcat-embed-core-9.0.14.jar:9.0.14]
	at org.springframework.web.filter.CharacterEncodingFilter.doFilterInternal(CharacterEncodingFilter.java:200) [spring-web-5.1.4.RELEASE.jar:5.1.4.RELEASE]
	at org.springframework.web.filter.OncePerRequestFilter.doFilter(OncePerRequestFilter.java:107) [spring-web-5.1.4.RELEASE.jar:5.1.4.RELEASE]
	at org.apache.catalina.core.ApplicationFilterChain.internalDoFilter(ApplicationFilterChain.java:193) [tomcat-embed-core-9.0.14.jar:9.0.14]
	at org.apache.catalina.core.ApplicationFilterChain.doFilter(ApplicationFilterChain.java:166) [tomcat-embed-core-9.0.14.jar:9.0.14]
	at org.apache.catalina.core.StandardWrapperValve.invoke(StandardWrapperValve.java:199) [tomcat-embed-core-9.0.14.jar:9.0.14]
	at org.apache.catalina.core.StandardContextValve.invoke(StandardContextValve.java:96) [tomcat-embed-core-9.0.14.jar:9.0.14]
	at org.apache.catalina.authenticator.AuthenticatorBase.invoke(AuthenticatorBase.java:490) [tomcat-embed-core-9.0.14.jar:9.0.14]
	at org.apache.catalina.core.StandardHostValve.invoke(StandardHostValve.java:139) [tomcat-embed-core-9.0.14.jar:9.0.14]
	at org.apache.catalina.valves.ErrorReportValve.invoke(ErrorReportValve.java:92) [tomcat-embed-core-9.0.14.jar:9.0.14]
	at org.apache.catalina.core.StandardEngineValve.invoke(StandardEngineValve.java:74) [tomcat-embed-core-9.0.14.jar:9.0.14]
	at org.apache.catalina.connector.CoyoteAdapter.service(CoyoteAdapter.java:343) [tomcat-embed-core-9.0.14.jar:9.0.14]
	at org.apache.coyote.http11.Http11Processor.service(Http11Processor.java:408) [tomcat-embed-core-9.0.14.jar:9.0.14]
	at org.apache.coyote.AbstractProcessorLight.process(AbstractProcessorLight.java:66) [tomcat-embed-core-9.0.14.jar:9.0.14]
	at org.apache.coyote.AbstractProtocol$ConnectionHandler.process(AbstractProtocol.java:834) [tomcat-embed-core-9.0.14.jar:9.0.14]
	at org.apache.tomcat.util.net.NioEndpoint$SocketProcessor.doRun(NioEndpoint.java:1417) [tomcat-embed-core-9.0.14.jar:9.0.14]
	at org.apache.tomcat.util.net.SocketProcessorBase.run(SocketProcessorBase.java:49) [tomcat-embed-core-9.0.14.jar:9.0.14]
	at java.util.concurrent.ThreadPoolExecutor.runWorker(ThreadPoolExecutor.java:1149) [?:1.8.0_201]
	at java.util.concurrent.ThreadPoolExecutor$Worker.run(ThreadPoolExecutor.java:624) [?:1.8.0_201]
	at org.apache.tomcat.util.threads.TaskThread$WrappingRunnable.run(TaskThread.java:61) [tomcat-embed-core-9.0.14.jar:9.0.14]
	at java.lang.Thread.run(Thread.java:748) [?:1.8.0_201]
2020-04-25 22:09:21.174 [http-nio-8888-exec-7] INFO  com.my.blog.website.controller.admin.IndexController - Enter admin index method
2020-04-25 22:09:21.174 [http-nio-8888-exec-7] DEBUG com.my.blog.website.service.impl.SiteServiceImpl - Enter recentComments method:limit=5
2020-04-25 22:09:21.175 [http-nio-8888-exec-7] DEBUG com.my.blog.website.service.impl.SiteServiceImpl - Exit recentComments method
2020-04-25 22:09:21.175 [http-nio-8888-exec-7] DEBUG com.my.blog.website.service.impl.SiteServiceImpl - Enter recentContents method
2020-04-25 22:09:21.179 [http-nio-8888-exec-7] DEBUG com.my.blog.website.service.impl.SiteServiceImpl - Exit recentContents method
2020-04-25 22:09:21.179 [http-nio-8888-exec-7] DEBUG com.my.blog.website.service.impl.SiteServiceImpl - Enter getStatistics method
2020-04-25 22:09:21.184 [http-nio-8888-exec-7] DEBUG com.my.blog.website.service.impl.SiteServiceImpl - Exit getStatistics method
2020-04-25 22:09:21.185 [http-nio-8888-exec-7] DEBUG com.my.blog.website.service.impl.LogServiceImpl - Enter getLogs method:page=1,linit=5
2020-04-25 22:09:21.187 [http-nio-8888-exec-7] DEBUG com.my.blog.website.service.impl.LogServiceImpl - Exit getLogs method
2020-04-25 22:09:21.187 [http-nio-8888-exec-7] INFO  com.my.blog.website.controller.admin.IndexController - Exit admin index method
2020-04-25 22:15:41.488 [http-nio-8888-exec-1] DEBUG com.my.blog.website.service.impl.ContentServiceImpl - Enter getContents method
2020-04-25 22:15:41.512 [http-nio-8888-exec-1] DEBUG com.my.blog.website.service.impl.ContentServiceImpl - Exit getContents method
2020-04-25 22:15:41.910 [http-nio-8888-exec-3] ERROR com.my.blog.website.controller.GlobalExceptionHandler - find exception:e=query content by id and return is not one
2020-04-25 22:15:41.946 [http-nio-8888-exec-4] ERROR com.my.blog.website.controller.GlobalExceptionHandler - find exception:e=query content by id and return is not one
2020-04-25 22:15:42.261 [http-nio-8888-exec-5] ERROR com.my.blog.website.controller.GlobalExceptionHandler - find exception:e=query content by id and return is not one
2020-04-25 22:15:42.520 [http-nio-8888-exec-2] ERROR com.my.blog.website.controller.GlobalExceptionHandler - find exception:e=query content by id and return is not one
2020-04-25 22:17:29.070 [http-nio-8888-exec-8] DEBUG com.my.blog.website.service.impl.RelationshipServiceImpl - Enter countById method:cid=3,mid=8
2020-04-25 22:17:29.072 [http-nio-8888-exec-8] DEBUG com.my.blog.website.service.impl.RelationshipServiceImpl - Exit countById method return num=0
2020-04-25 22:17:29.076 [http-nio-8888-exec-8] DEBUG com.my.blog.website.service.impl.RelationshipServiceImpl - Enter countById method:cid=3,mid=7
2020-04-25 22:17:29.078 [http-nio-8888-exec-8] DEBUG com.my.blog.website.service.impl.RelationshipServiceImpl - Exit countById method return num=0
2020-04-25 22:18:08.879 [http-nio-8888-exec-1] DEBUG com.my.blog.website.service.impl.ContentServiceImpl - Enter getContents method
2020-04-25 22:18:08.882 [http-nio-8888-exec-1] DEBUG com.my.blog.website.service.impl.ContentServiceImpl - Exit getContents method
2020-04-25 22:18:33.547 [http-nio-8888-exec-3] DEBUG com.my.blog.website.service.impl.RelationshipServiceImpl - Enter countById method:cid=3,mid=8
2020-04-25 22:18:33.548 [http-nio-8888-exec-3] DEBUG com.my.blog.website.service.impl.RelationshipServiceImpl - Exit countById method return num=0
2020-04-25 22:18:33.551 [http-nio-8888-exec-3] DEBUG com.my.blog.website.service.impl.RelationshipServiceImpl - Enter countById method:cid=3,mid=7
2020-04-25 22:18:33.552 [http-nio-8888-exec-3] DEBUG com.my.blog.website.service.impl.RelationshipServiceImpl - Exit countById method return num=0
2020-04-25 22:19:36.067 [http-nio-8888-exec-8] INFO  com.my.blog.website.controller.admin.IndexController - Enter admin index method
2020-04-25 22:19:36.067 [http-nio-8888-exec-8] DEBUG com.my.blog.website.service.impl.SiteServiceImpl - Enter recentComments method:limit=5
2020-04-25 22:19:36.069 [http-nio-8888-exec-8] DEBUG com.my.blog.website.service.impl.SiteServiceImpl - Exit recentComments method
2020-04-25 22:19:36.069 [http-nio-8888-exec-8] DEBUG com.my.blog.website.service.impl.SiteServiceImpl - Enter recentContents method
2020-04-25 22:19:36.072 [http-nio-8888-exec-8] DEBUG com.my.blog.website.service.impl.SiteServiceImpl - Exit recentContents method
2020-04-25 22:19:36.072 [http-nio-8888-exec-8] DEBUG com.my.blog.website.service.impl.SiteServiceImpl - Enter getStatistics method
2020-04-25 22:19:36.077 [http-nio-8888-exec-8] DEBUG com.my.blog.website.service.impl.SiteServiceImpl - Exit getStatistics method
2020-04-25 22:19:36.077 [http-nio-8888-exec-8] DEBUG com.my.blog.website.service.impl.LogServiceImpl - Enter getLogs method:page=1,linit=5
2020-04-25 22:19:36.079 [http-nio-8888-exec-8] DEBUG com.my.blog.website.service.impl.LogServiceImpl - Exit getLogs method
2020-04-25 22:19:36.079 [http-nio-8888-exec-8] INFO  com.my.blog.website.controller.admin.IndexController - Exit admin index method
2020-04-25 22:24:09.465 [http-nio-8888-exec-5] DEBUG com.my.blog.website.service.impl.RelationshipServiceImpl - Enter countById method:cid=3,mid=8
2020-04-25 22:24:09.466 [http-nio-8888-exec-5] DEBUG com.my.blog.website.service.impl.RelationshipServiceImpl - Exit countById method return num=0
2020-04-25 22:24:09.471 [http-nio-8888-exec-5] DEBUG com.my.blog.website.service.impl.RelationshipServiceImpl - Enter countById method:cid=3,mid=7
2020-04-25 22:24:09.472 [http-nio-8888-exec-5] DEBUG com.my.blog.website.service.impl.RelationshipServiceImpl - Exit countById method return num=0
2020-04-25 22:24:41.274 [http-nio-8888-exec-3] INFO  com.my.blog.website.controller.admin.IndexController - Enter admin index method
2020-04-25 22:24:41.274 [http-nio-8888-exec-3] DEBUG com.my.blog.website.service.impl.SiteServiceImpl - Enter recentComments method:limit=5
2020-04-25 22:24:41.277 [http-nio-8888-exec-3] DEBUG com.my.blog.website.service.impl.SiteServiceImpl - Exit recentComments method
2020-04-25 22:24:41.278 [http-nio-8888-exec-3] DEBUG com.my.blog.website.service.impl.SiteServiceImpl - Enter recentContents method
2020-04-25 22:24:41.284 [http-nio-8888-exec-3] DEBUG com.my.blog.website.service.impl.SiteServiceImpl - Exit recentContents method
2020-04-25 22:24:41.284 [http-nio-8888-exec-3] DEBUG com.my.blog.website.service.impl.SiteServiceImpl - Enter getStatistics method
2020-04-25 22:24:41.290 [http-nio-8888-exec-3] DEBUG com.my.blog.website.service.impl.SiteServiceImpl - Exit getStatistics method
2020-04-25 22:24:41.290 [http-nio-8888-exec-3] DEBUG com.my.blog.website.service.impl.LogServiceImpl - Enter getLogs method:page=1,linit=5
2020-04-25 22:24:41.294 [http-nio-8888-exec-3] DEBUG com.my.blog.website.service.impl.LogServiceImpl - Exit getLogs method
2020-04-25 22:24:41.294 [http-nio-8888-exec-3] INFO  com.my.blog.website.controller.admin.IndexController - Exit admin index method
2020-04-25 22:24:52.283 [http-nio-8888-exec-9] DEBUG com.my.blog.website.service.impl.ContentServiceImpl - Enter getContents method
2020-04-25 22:24:52.288 [http-nio-8888-exec-9] DEBUG com.my.blog.website.service.impl.ContentServiceImpl - Exit getContents method
